[2025-06-15 13:38:14.111 UTC] [INFO] [User: root] Logger initialized with config: LoggerConfig { log_file_path: "application.log" }
[2025-06-15 13:41:14.872 UTC] [INFO] [User: root] Logger initialized with config: LoggerConfig { log_file_path: "application.log" }
[2025-06-15 13:41:14.928 UTC] [INFO] Application started
[2025-06-15 13:44:01.817 UTC] [WARN] Error response: "Struct DB Error"
[2025-06-15 13:44:58.753 UTC] [INFO] [User: root] Logger initialized with config: LoggerConfig { log_file_path: "application.log" }
[2025-06-15 13:45:41.097 UTC] [INFO] [User: root] Logger initialized with config: LoggerConfig { log_file_path: "application.log" }
[2025-06-15 13:45:41.147 UTC] [INFO] Application started
[2025-06-15 13:50:03.261 UTC] [INFO] [User: root] Logger initialized with config: LoggerConfig { log_file_path: "application.log" }
[2025-06-15 13:50:03.283 UTC] [INFO] Application started
[2025-06-15 13:52:07.637 UTC] [INFO] [User: root] Logger initialized with config: LoggerConfig { log_file_path: "application.log" }
[2025-06-15 13:52:07.686 UTC] [INFO] Application started
[2025-06-15 14:03:20.723 UTC] [INFO] [User: root] Logger initialized with config: LoggerConfig { log_file_path: "application.log" }
[2025-06-15 14:03:20.773 UTC] [INFO] Application started
[2025-06-20 20:37:24.388 UTC] [INFO] [User: root] Logger initialized with config: LoggerConfig { log_file_path: "application.log" }
[2025-06-20 20:37:24.390 UTC] [INFO] Application started
[2025-06-20 20:38:37.226 UTC] [INFO] [User: root] Logger initialized with config: LoggerConfig { log_file_path: "application.log" }
[2025-06-20 20:38:37.227 UTC] [INFO] Application started
[2025-06-20 20:47:06.855 UTC] [INFO] [User: root] Logger initialized with config: LoggerConfig { log_file_path: "application.log" }
[2025-06-20 20:47:06.856 UTC] [INFO] Application started
[2025-06-20 22:01:56.086 UTC] [INFO] [User: root] Logger initialized with config: LoggerConfig { log_file_path: "application.log" }
[2025-06-20 22:01:56.088 UTC] [INFO] Application started
[2025-06-20 22:02:20.192 UTC] [INFO] [User: root] Logger initialized with config: LoggerConfig { log_file_path: "application.log" }
[2025-06-20 22:02:20.194 UTC] [INFO] Application started
[2025-06-20 22:02:42.731 UTC] [INFO] [User: root] Logger initialized with config: LoggerConfig { log_file_path: "application.log" }
[2025-06-20 22:02:42.732 UTC] [INFO] Application started
[2025-06-20 22:03:39.350 UTC] [INFO] [User: root] Logger initialized with config: LoggerConfig { log_file_path: "application.log" }
[2025-06-20 22:03:39.351 UTC] [INFO] Application started
[2025-06-20 22:04:15.227 UTC] [INFO] [User: root] Logger initialized with config: LoggerConfig { log_file_path: "application.log" }
[2025-06-20 22:04:15.228 UTC] [INFO] Application started
[2025-06-21 21:24:51.160 UTC] [INFO] [User: root] Logger initialized with config: LoggerConfig { log_file_path: "application.log" }
[2025-06-21 21:24:51.162 UTC] [INFO] Application started
[2025-06-21 21:37:58.342 UTC] [INFO] [User: root] Logger initialized with config: LoggerConfig { log_file_path: "application.log" }
[2025-06-21 21:37:58.343 UTC] [INFO] Application started
[2025-06-21 22:05:15.905 UTC] [INFO] [User: root] Logger initialized with config: LoggerConfig { log_file_path: "application.log" }
[2025-06-21 22:05:15.907 UTC] [INFO] Application started
[2025-06-21 22:11:53.796 UTC] [INFO] [User: root] Logger initialized with config: LoggerConfig { log_file_path: "application.log" }
[2025-06-21 22:11:53.797 UTC] [INFO] Application started
[2025-06-21 22:23:12.325 UTC] [INFO] [User: root] Logger initialized with config: LoggerConfig { log_file_path: "application.log" }
[2025-06-21 22:23:12.326 UTC] [INFO] Application started
[2025-06-21 22:31:26.791 UTC] [INFO] [User: root] Logger initialized with config: LoggerConfig { log_file_path: "application.log" }
[2025-06-21 22:31:26.801 UTC] [INFO] Application started
[2025-06-25 12:23:27.997 UTC] [INFO] [User: root] Logger initialized with config: LoggerConfig { log_file_path: "application.log" }
[2025-06-25 12:23:28.735 UTC] [INFO] Application started
[2025-06-25 12:25:35.242 UTC] [WARN] Error response: "Any server error error"
[2025-06-25 12:28:21.629 UTC] [INFO] [User: root] Logger initialized with config: LoggerConfig { log_file_path: "application.log" }
[2025-06-25 12:28:21.631 UTC] [INFO] Application started
[2025-06-25 12:28:24.018 UTC] [WARN] Error response: "Any server error error"
[2025-06-25 12:33:28.708 UTC] [INFO] [User: root] Logger initialized with config: LoggerConfig { log_file_path: "application.log" }
[2025-06-25 12:33:28.711 UTC] [INFO] Application started
[2025-06-25 12:33:50.198 UTC] [WARN] Error response: "Unauthorized"
[2025-06-25 12:34:15.830 UTC] [WARN] Error response: "Missing expected extension: user type"
[2025-06-25 12:38:31.697 UTC] [INFO] [User: root] Logger initialized with config: LoggerConfig { log_file_path: "application.log" }
[2025-06-25 12:38:31.699 UTC] [INFO] Application started
[2025-06-25 12:39:27.251 UTC] [WARN] Error response: "User not found"
[2025-06-25 13:12:08.633 UTC] [INFO] [User: root] Logger initialized with config: LoggerConfig { log_file_path: "application.log" }
[2025-06-25 13:12:08.636 UTC] [INFO] Application started
[2025-06-25 13:12:42.375 UTC] [WARN] Error response: "User not found"
[2025-06-25 13:13:32.360 UTC] [INFO] [User: root] Logger initialized with config: LoggerConfig { log_file_path: "application.log" }
[2025-06-25 13:13:32.362 UTC] [INFO] Application started
[2025-06-25 13:13:50.963 UTC] [WARN] Error response: "User not found"
[2025-06-25 13:15:15.242 UTC] [INFO] [User: root] Logger initialized with config: LoggerConfig { log_file_path: "application.log" }
[2025-06-25 13:15:15.244 UTC] [INFO] Application started
[2025-06-25 13:15:22.566 UTC] [WARN] Error response: "User not found"
[2025-06-25 13:24:00.442 UTC] [INFO] [User: root] Logger initialized with config: LoggerConfig { log_file_path: "application.log" }
[2025-06-25 13:24:00.445 UTC] [INFO] Application started
[2025-06-25 13:26:54.367 UTC] [INFO] [User: root] Logger initialized with config: LoggerConfig { log_file_path: "application.log" }
[2025-06-25 13:26:54.369 UTC] [INFO] Application started
